<?xml version="1.0" encoding="UTF-8"?>
<testsuite xmlns:xsi="http://www.w3.org/2001/XMLSchema-instance" xsi:noNamespaceSchemaLocation="https://maven.apache.org/surefire/maven-surefire-plugin/xsd/surefire-test-report-3.0.xsd" version="3.0" name="com.redhat.demo.spring.ApplicationTests" time="3.88" tests="1" errors="0" skipped="0" failures="0">
  <properties>
    <property name="java.specification.version" value="17"/>
    <property name="sun.cpu.isalist" value="amd64"/>
    <property name="sun.jnu.encoding" value="Cp1252"/>
    <property name="java.class.path" value="C:\Users\geral\OneDrive\Escritorio\Reposx\Springboot-example-actutator\target\test-classes;C:\Users\geral\OneDrive\Escritorio\Reposx\Springboot-example-actutator\target\classes;C:\Users\geral\.m2\repository\io\micrometer\micrometer-registry-prometheus\1.13.6\micrometer-registry-prometheus-1.13.6.jar;C:\Users\geral\.m2\repository\io\micrometer\micrometer-core\1.13.6\micrometer-core-1.13.6.jar;C:\Users\geral\.m2\repository\io\micrometer\micrometer-commons\1.13.6\micrometer-commons-1.13.6.jar;C:\Users\geral\.m2\repository\org\hdrhistogram\HdrHistogram\2.2.2\HdrHistogram-2.2.2.jar;C:\Users\geral\.m2\repository\org\latencyutils\LatencyUtils\2.0.3\LatencyUtils-2.0.3.jar;C:\Users\geral\.m2\repository\io\prometheus\prometheus-metrics-core\1.2.1\prometheus-metrics-core-1.2.1.jar;C:\Users\geral\.m2\repository\io\prometheus\prometheus-metrics-model\1.2.1\prometheus-metrics-model-1.2.1.jar;C:\Users\geral\.m2\repository\io\prometheus\prometheus-metrics-config\1.2.1\prometheus-metrics-config-1.2.1.jar;C:\Users\geral\.m2\repository\io\prometheus\prometheus-metrics-tracer-common\1.2.1\prometheus-metrics-tracer-common-1.2.1.jar;C:\Users\geral\.m2\repository\io\prometheus\prometheus-metrics-exposition-formats\1.2.1\prometheus-metrics-exposition-formats-1.2.1.jar;C:\Users\geral\.m2\repository\io\prometheus\prometheus-metrics-shaded-protobuf\1.2.1\prometheus-metrics-shaded-protobuf-1.2.1.jar;C:\Users\geral\.m2\repository\org\springframework\boot\spring-boot-starter-actuator\3.3.5\spring-boot-starter-actuator-3.3.5.jar;C:\Users\geral\.m2\repository\org\springframework\boot\spring-boot-starter\3.3.5\spring-boot-starter-3.3.5.jar;C:\Users\geral\.m2\repository\org\springframework\boot\spring-boot\3.3.5\spring-boot-3.3.5.jar;C:\Users\geral\.m2\repository\org\springframework\boot\spring-boot-autoconfigure\3.3.5\spring-boot-autoconfigure-3.3.5.jar;C:\Users\geral\.m2\repository\org\springframework\boot\spring-boot-starter-logging\3.3.5\spring-boot-starter-logging-3.3.5.jar;C:\Users\geral\.m2\repository\ch\qos\logback\logback-classic\1.5.11\logback-classic-1.5.11.jar;C:\Users\geral\.m2\repository\ch\qos\logback\logback-core\1.5.11\logback-core-1.5.11.jar;C:\Users\geral\.m2\repository\org\apache\logging\log4j\log4j-to-slf4j\2.23.1\log4j-to-slf4j-2.23.1.jar;C:\Users\geral\.m2\repository\org\apache\logging\log4j\log4j-api\2.23.1\log4j-api-2.23.1.jar;C:\Users\geral\.m2\repository\org\slf4j\jul-to-slf4j\2.0.16\jul-to-slf4j-2.0.16.jar;C:\Users\geral\.m2\repository\jakarta\annotation\jakarta.annotation-api\2.1.1\jakarta.annotation-api-2.1.1.jar;C:\Users\geral\.m2\repository\org\yaml\snakeyaml\2.2\snakeyaml-2.2.jar;C:\Users\geral\.m2\repository\org\springframework\boot\spring-boot-actuator-autoconfigure\3.3.5\spring-boot-actuator-autoconfigure-3.3.5.jar;C:\Users\geral\.m2\repository\org\springframework\boot\spring-boot-actuator\3.3.5\spring-boot-actuator-3.3.5.jar;C:\Users\geral\.m2\repository\com\fasterxml\jackson\core\jackson-databind\2.17.2\jackson-databind-2.17.2.jar;C:\Users\geral\.m2\repository\com\fasterxml\jackson\core\jackson-annotations\2.17.2\jackson-annotations-2.17.2.jar;C:\Users\geral\.m2\repository\com\fasterxml\jackson\datatype\jackson-datatype-jsr310\2.17.2\jackson-datatype-jsr310-2.17.2.jar;C:\Users\geral\.m2\repository\io\micrometer\micrometer-observation\1.13.6\micrometer-observation-1.13.6.jar;C:\Users\geral\.m2\repository\io\micrometer\micrometer-jakarta9\1.13.6\micrometer-jakarta9-1.13.6.jar;C:\Users\geral\.m2\repository\org\springframework\boot\spring-boot-starter-web\3.3.5\spring-boot-starter-web-3.3.5.jar;C:\Users\geral\.m2\repository\org\springframework\boot\spring-boot-starter-json\3.3.5\spring-boot-starter-json-3.3.5.jar;C:\Users\geral\.m2\repository\com\fasterxml\jackson\datatype\jackson-datatype-jdk8\2.17.2\jackson-datatype-jdk8-2.17.2.jar;C:\Users\geral\.m2\repository\com\fasterxml\jackson\module\jackson-module-parameter-names\2.17.2\jackson-module-parameter-names-2.17.2.jar;C:\Users\geral\.m2\repository\org\springframework\boot\spring-boot-starter-tomcat\3.3.5\spring-boot-starter-tomcat-3.3.5.jar;C:\Users\geral\.m2\repository\org\apache\tomcat\embed\tomcat-embed-core\10.1.31\tomcat-embed-core-10.1.31.jar;C:\Users\geral\.m2\repository\org\apache\tomcat\embed\tomcat-embed-el\10.1.31\tomcat-embed-el-10.1.31.jar;C:\Users\geral\.m2\repository\org\apache\tomcat\embed\tomcat-embed-websocket\10.1.31\tomcat-embed-websocket-10.1.31.jar;C:\Users\geral\.m2\repository\org\springframework\spring-web\6.1.14\spring-web-6.1.14.jar;C:\Users\geral\.m2\repository\org\springframework\spring-beans\6.1.14\spring-beans-6.1.14.jar;C:\Users\geral\.m2\repository\org\springframework\spring-webmvc\6.1.14\spring-webmvc-6.1.14.jar;C:\Users\geral\.m2\repository\org\springframework\spring-aop\6.1.14\spring-aop-6.1.14.jar;C:\Users\geral\.m2\repository\org\springframework\spring-context\6.1.14\spring-context-6.1.14.jar;C:\Users\geral\.m2\repository\org\springframework\spring-expression\6.1.14\spring-expression-6.1.14.jar;C:\Users\geral\.m2\repository\org\springframework\boot\spring-boot-starter-test\3.3.5\spring-boot-starter-test-3.3.5.jar;C:\Users\geral\.m2\repository\org\springframework\boot\spring-boot-test\3.3.5\spring-boot-test-3.3.5.jar;C:\Users\geral\.m2\repository\org\springframework\boot\spring-boot-test-autoconfigure\3.3.5\spring-boot-test-autoconfigure-3.3.5.jar;C:\Users\geral\.m2\repository\com\jayway\jsonpath\json-path\2.9.0\json-path-2.9.0.jar;C:\Users\geral\.m2\repository\org\slf4j\slf4j-api\2.0.16\slf4j-api-2.0.16.jar;C:\Users\geral\.m2\repository\jakarta\xml\bind\jakarta.xml.bind-api\4.0.2\jakarta.xml.bind-api-4.0.2.jar;C:\Users\geral\.m2\repository\jakarta\activation\jakarta.activation-api\2.1.3\jakarta.activation-api-2.1.3.jar;C:\Users\geral\.m2\repository\net\minidev\json-smart\2.5.1\json-smart-2.5.1.jar;C:\Users\geral\.m2\repository\net\minidev\accessors-smart\2.5.1\accessors-smart-2.5.1.jar;C:\Users\geral\.m2\repository\org\ow2\asm\asm\9.6\asm-9.6.jar;C:\Users\geral\.m2\repository\org\assertj\assertj-core\3.25.3\assertj-core-3.25.3.jar;C:\Users\geral\.m2\repository\net\bytebuddy\byte-buddy\1.14.19\byte-buddy-1.14.19.jar;C:\Users\geral\.m2\repository\org\awaitility\awaitility\4.2.2\awaitility-4.2.2.jar;C:\Users\geral\.m2\repository\org\hamcrest\hamcrest\2.2\hamcrest-2.2.jar;C:\Users\geral\.m2\repository\org\junit\jupiter\junit-jupiter\5.10.5\junit-jupiter-5.10.5.jar;C:\Users\geral\.m2\repository\org\junit\jupiter\junit-jupiter-api\5.10.5\junit-jupiter-api-5.10.5.jar;C:\Users\geral\.m2\repository\org\opentest4j\opentest4j\1.3.0\opentest4j-1.3.0.jar;C:\Users\geral\.m2\repository\org\junit\platform\junit-platform-commons\1.10.5\junit-platform-commons-1.10.5.jar;C:\Users\geral\.m2\repository\org\apiguardian\apiguardian-api\1.1.2\apiguardian-api-1.1.2.jar;C:\Users\geral\.m2\repository\org\junit\jupiter\junit-jupiter-params\5.10.5\junit-jupiter-params-5.10.5.jar;C:\Users\geral\.m2\repository\org\junit\jupiter\junit-jupiter-engine\5.10.5\junit-jupiter-engine-5.10.5.jar;C:\Users\geral\.m2\repository\org\junit\platform\junit-platform-engine\1.10.5\junit-platform-engine-1.10.5.jar;C:\Users\geral\.m2\repository\org\mockito\mockito-core\5.11.0\mockito-core-5.11.0.jar;C:\Users\geral\.m2\repository\net\bytebuddy\byte-buddy-agent\1.14.19\byte-buddy-agent-1.14.19.jar;C:\Users\geral\.m2\repository\org\objenesis\objenesis\3.3\objenesis-3.3.jar;C:\Users\geral\.m2\repository\org\mockito\mockito-junit-jupiter\5.11.0\mockito-junit-jupiter-5.11.0.jar;C:\Users\geral\.m2\repository\org\skyscreamer\jsonassert\1.5.3\jsonassert-1.5.3.jar;C:\Users\geral\.m2\repository\com\vaadin\external\google\android-json\0.0.20131108.vaadin1\android-json-0.0.20131108.vaadin1.jar;C:\Users\geral\.m2\repository\org\springframework\spring-core\6.1.14\spring-core-6.1.14.jar;C:\Users\geral\.m2\repository\org\springframework\spring-jcl\6.1.14\spring-jcl-6.1.14.jar;C:\Users\geral\.m2\repository\org\springframework\spring-test\6.1.14\spring-test-6.1.14.jar;C:\Users\geral\.m2\repository\org\xmlunit\xmlunit-core\2.9.1\xmlunit-core-2.9.1.jar;C:\Users\geral\.m2\repository\io\opentelemetry\instrumentation\opentelemetry-spring-boot-starter\2.6.0\opentelemetry-spring-boot-starter-2.6.0.jar;C:\Users\geral\.m2\repository\io\opentelemetry\instrumentation\opentelemetry-spring-boot-autoconfigure\2.6.0\opentelemetry-spring-boot-autoconfigure-2.6.0.jar;C:\Users\geral\.m2\repository\io\opentelemetry\instrumentation\opentelemetry-instrumentation-api\2.6.0\opentelemetry-instrumentation-api-2.6.0.jar;C:\Users\geral\.m2\repository\io\opentelemetry\opentelemetry-api-incubator\1.40.0-alpha\opentelemetry-api-incubator-1.40.0-alpha.jar;C:\Users\geral\.m2\repository\io\opentelemetry\instrumentation\opentelemetry-instrumentation-api-incubator\2.6.0-alpha\opentelemetry-instrumentation-api-incubator-2.6.0-alpha.jar;C:\Users\geral\.m2\repository\javax\validation\validation-api\2.0.1.Final\validation-api-2.0.1.Final.jar;C:\Users\geral\.m2\repository\io\opentelemetry\instrumentation\opentelemetry-instrumentation-annotations-support\2.6.0-alpha\opentelemetry-instrumentation-annotations-support-2.6.0-alpha.jar;C:\Users\geral\.m2\repository\io\opentelemetry\semconv\opentelemetry-semconv-incubating\1.25.0-alpha\opentelemetry-semconv-incubating-1.25.0-alpha.jar;C:\Users\geral\.m2\repository\io\opentelemetry\instrumentation\opentelemetry-kafka-clients-2.6\2.6.0-alpha\opentelemetry-kafka-clients-2.6-2.6.0-alpha.jar;C:\Users\geral\.m2\repository\io\opentelemetry\instrumentation\opentelemetry-kafka-clients-common\2.6.0-alpha\opentelemetry-kafka-clients-common-2.6.0-alpha.jar;C:\Users\geral\.m2\repository\io\opentelemetry\instrumentation\opentelemetry-mongo-3.1\2.6.0-alpha\opentelemetry-mongo-3.1-2.6.0-alpha.jar;C:\Users\geral\.m2\repository\io\opentelemetry\instrumentation\opentelemetry-spring-kafka-2.7\2.6.0-alpha\opentelemetry-spring-kafka-2.7-2.6.0-alpha.jar;C:\Users\geral\.m2\repository\io\opentelemetry\instrumentation\opentelemetry-spring-web-3.1\2.6.0-alpha\opentelemetry-spring-web-3.1-2.6.0-alpha.jar;C:\Users\geral\.m2\repository\io\opentelemetry\instrumentation\opentelemetry-spring-webmvc-5.3\2.6.0-alpha\opentelemetry-spring-webmvc-5.3-2.6.0-alpha.jar;C:\Users\geral\.m2\repository\io\opentelemetry\instrumentation\opentelemetry-spring-webflux-5.3\2.6.0-alpha\opentelemetry-spring-webflux-5.3-2.6.0-alpha.jar;C:\Users\geral\.m2\repository\io\opentelemetry\instrumentation\opentelemetry-reactor-3.1\2.6.0-alpha\opentelemetry-reactor-3.1-2.6.0-alpha.jar;C:\Users\geral\.m2\repository\io\opentelemetry\instrumentation\opentelemetry-micrometer-1.5\2.6.0-alpha\opentelemetry-micrometer-1.5-2.6.0-alpha.jar;C:\Users\geral\.m2\repository\io\opentelemetry\instrumentation\opentelemetry-log4j-appender-2.17\2.6.0-alpha\opentelemetry-log4j-appender-2.17-2.6.0-alpha.jar;C:\Users\geral\.m2\repository\io\opentelemetry\instrumentation\opentelemetry-logback-appender-1.0\2.6.0-alpha\opentelemetry-logback-appender-1.0-2.6.0-alpha.jar;C:\Users\geral\.m2\repository\io\opentelemetry\instrumentation\opentelemetry-jdbc\2.6.0-alpha\opentelemetry-jdbc-2.6.0-alpha.jar;C:\Users\geral\.m2\repository\io\opentelemetry\opentelemetry-sdk-extension-autoconfigure\1.40.0\opentelemetry-sdk-extension-autoconfigure-1.40.0.jar;C:\Users\geral\.m2\repository\io\opentelemetry\instrumentation\opentelemetry-sdk-autoconfigure-support\2.6.0-alpha\opentelemetry-sdk-autoconfigure-support-2.6.0-alpha.jar;C:\Users\geral\.m2\repository\io\opentelemetry\instrumentation\opentelemetry-spring-webmvc-6.0\2.6.0-alpha\opentelemetry-spring-webmvc-6.0-2.6.0-alpha.jar;C:\Users\geral\.m2\repository\io\opentelemetry\instrumentation\opentelemetry-instrumentation-annotations\2.6.0\opentelemetry-instrumentation-annotations-2.6.0.jar;C:\Users\geral\.m2\repository\io\opentelemetry\opentelemetry-sdk-extension-autoconfigure-spi\1.40.0\opentelemetry-sdk-extension-autoconfigure-spi-1.40.0.jar;C:\Users\geral\.m2\repository\io\opentelemetry\opentelemetry-api\1.40.0\opentelemetry-api-1.40.0.jar;C:\Users\geral\.m2\repository\io\opentelemetry\opentelemetry-context\1.40.0\opentelemetry-context-1.40.0.jar;C:\Users\geral\.m2\repository\io\opentelemetry\opentelemetry-exporter-logging\1.40.0\opentelemetry-exporter-logging-1.40.0.jar;C:\Users\geral\.m2\repository\io\opentelemetry\opentelemetry-exporter-otlp\1.40.0\opentelemetry-exporter-otlp-1.40.0.jar;C:\Users\geral\.m2\repository\io\opentelemetry\opentelemetry-sdk-trace\1.40.0\opentelemetry-sdk-trace-1.40.0.jar;C:\Users\geral\.m2\repository\io\opentelemetry\opentelemetry-sdk-metrics\1.40.0\opentelemetry-sdk-metrics-1.40.0.jar;C:\Users\geral\.m2\repository\io\opentelemetry\opentelemetry-sdk-logs\1.40.0\opentelemetry-sdk-logs-1.40.0.jar;C:\Users\geral\.m2\repository\io\opentelemetry\opentelemetry-exporter-otlp-common\1.40.0\opentelemetry-exporter-otlp-common-1.40.0.jar;C:\Users\geral\.m2\repository\io\opentelemetry\opentelemetry-exporter-common\1.40.0\opentelemetry-exporter-common-1.40.0.jar;C:\Users\geral\.m2\repository\io\opentelemetry\opentelemetry-exporter-sender-okhttp\1.40.0\opentelemetry-exporter-sender-okhttp-1.40.0.jar;C:\Users\geral\.m2\repository\io\opentelemetry\opentelemetry-sdk\1.40.0\opentelemetry-sdk-1.40.0.jar;C:\Users\geral\.m2\repository\io\opentelemetry\opentelemetry-sdk-common\1.40.0\opentelemetry-sdk-common-1.40.0.jar;C:\Users\geral\.m2\repository\io\opentelemetry\instrumentation\opentelemetry-resources\2.6.0-alpha\opentelemetry-resources-2.6.0-alpha.jar;C:\Users\geral\.m2\repository\io\opentelemetry\semconv\opentelemetry-semconv\1.25.0-alpha\opentelemetry-semconv-1.25.0-alpha.jar;C:\Users\geral\.m2\repository\io\opentelemetry\opentelemetry-sdk-extension-incubator\1.40.0-alpha\opentelemetry-sdk-extension-incubator-1.40.0-alpha.jar;C:\Users\geral\.m2\repository\org\snakeyaml\snakeyaml-engine\2.7\snakeyaml-engine-2.7.jar;C:\Users\geral\.m2\repository\com\fasterxml\jackson\dataformat\jackson-dataformat-yaml\2.17.2\jackson-dataformat-yaml-2.17.2.jar;C:\Users\geral\.m2\repository\io\opentelemetry\contrib\opentelemetry-aws-resources\1.36.0-alpha\opentelemetry-aws-resources-1.36.0-alpha.jar;C:\Users\geral\.m2\repository\com\fasterxml\jackson\core\jackson-core\2.17.2\jackson-core-2.17.2.jar;C:\Users\geral\.m2\repository\com\squareup\okhttp3\okhttp\4.12.0\okhttp-4.12.0.jar;C:\Users\geral\.m2\repository\com\squareup\okio\okio\3.6.0\okio-3.6.0.jar;C:\Users\geral\.m2\repository\com\squareup\okio\okio-jvm\3.6.0\okio-jvm-3.6.0.jar;C:\Users\geral\.m2\repository\org\jetbrains\kotlin\kotlin-stdlib-common\1.9.25\kotlin-stdlib-common-1.9.25.jar;C:\Users\geral\.m2\repository\org\jetbrains\kotlin\kotlin-stdlib-jdk8\1.9.25\kotlin-stdlib-jdk8-1.9.25.jar;C:\Users\geral\.m2\repository\org\jetbrains\kotlin\kotlin-stdlib\1.9.25\kotlin-stdlib-1.9.25.jar;C:\Users\geral\.m2\repository\org\jetbrains\annotations\13.0\annotations-13.0.jar;C:\Users\geral\.m2\repository\org\jetbrains\kotlin\kotlin-stdlib-jdk7\1.9.25\kotlin-stdlib-jdk7-1.9.25.jar;C:\Users\geral\.m2\repository\io\opentelemetry\contrib\opentelemetry-gcp-resources\1.36.0-alpha\opentelemetry-gcp-resources-1.36.0-alpha.jar;C:\Users\geral\.m2\repository\com\google\cloud\opentelemetry\detector-resources-support\0.29.0\detector-resources-support-0.29.0.jar;"/>
    <property name="java.vm.vendor" value="Oracle Corporation"/>
    <property name="sun.arch.data.model" value="64"/>
    <property name="user.variant" value=""/>
    <property name="java.vendor.url" value="https://java.oracle.com/"/>
    <property name="user.timezone" value="America/Santiago"/>
    <property name="os.name" value="Windows 10"/>
    <property name="java.vm.specification.version" value="17"/>
    <property name="sun.java.launcher" value="SUN_STANDARD"/>
    <property name="user.country" value="CL"/>
    <property name="sun.boot.library.path" value="C:\Program Files\Java\jdk-17\bin"/>
    <property name="sun.java.command" value="C:\Users\geral\AppData\Local\Temp\surefire15241732814240075369\surefirebooter-20241129150438938_3.jar C:\Users\geral\AppData\Local\Temp\surefire15241732814240075369 2024-11-29T15-04-37_357-jvmRun1 surefire-20241129150438938_1tmp surefire_0-20241129150438938_2tmp"/>
    <property name="jdk.debug" value="release"/>
    <property name="surefire.test.class.path" value="C:\Users\geral\OneDrive\Escritorio\Reposx\Springboot-example-actutator\target\test-classes;C:\Users\geral\OneDrive\Escritorio\Reposx\Springboot-example-actutator\target\classes;C:\Users\geral\.m2\repository\io\micrometer\micrometer-registry-prometheus\1.13.6\micrometer-registry-prometheus-1.13.6.jar;C:\Users\geral\.m2\repository\io\micrometer\micrometer-core\1.13.6\micrometer-core-1.13.6.jar;C:\Users\geral\.m2\repository\io\micrometer\micrometer-commons\1.13.6\micrometer-commons-1.13.6.jar;C:\Users\geral\.m2\repository\org\hdrhistogram\HdrHistogram\2.2.2\HdrHistogram-2.2.2.jar;C:\Users\geral\.m2\repository\org\latencyutils\LatencyUtils\2.0.3\LatencyUtils-2.0.3.jar;C:\Users\geral\.m2\repository\io\prometheus\prometheus-metrics-core\1.2.1\prometheus-metrics-core-1.2.1.jar;C:\Users\geral\.m2\repository\io\prometheus\prometheus-metrics-model\1.2.1\prometheus-metrics-model-1.2.1.jar;C:\Users\geral\.m2\repository\io\prometheus\prometheus-metrics-config\1.2.1\prometheus-metrics-config-1.2.1.jar;C:\Users\geral\.m2\repository\io\prometheus\prometheus-metrics-tracer-common\1.2.1\prometheus-metrics-tracer-common-1.2.1.jar;C:\Users\geral\.m2\repository\io\prometheus\prometheus-metrics-exposition-formats\1.2.1\prometheus-metrics-exposition-formats-1.2.1.jar;C:\Users\geral\.m2\repository\io\prometheus\prometheus-metrics-shaded-protobuf\1.2.1\prometheus-metrics-shaded-protobuf-1.2.1.jar;C:\Users\geral\.m2\repository\org\springframework\boot\spring-boot-starter-actuator\3.3.5\spring-boot-starter-actuator-3.3.5.jar;C:\Users\geral\.m2\repository\org\springframework\boot\spring-boot-starter\3.3.5\spring-boot-starter-3.3.5.jar;C:\Users\geral\.m2\repository\org\springframework\boot\spring-boot\3.3.5\spring-boot-3.3.5.jar;C:\Users\geral\.m2\repository\org\springframework\boot\spring-boot-autoconfigure\3.3.5\spring-boot-autoconfigure-3.3.5.jar;C:\Users\geral\.m2\repository\org\springframework\boot\spring-boot-starter-logging\3.3.5\spring-boot-starter-logging-3.3.5.jar;C:\Users\geral\.m2\repository\ch\qos\logback\logback-classic\1.5.11\logback-classic-1.5.11.jar;C:\Users\geral\.m2\repository\ch\qos\logback\logback-core\1.5.11\logback-core-1.5.11.jar;C:\Users\geral\.m2\repository\org\apache\logging\log4j\log4j-to-slf4j\2.23.1\log4j-to-slf4j-2.23.1.jar;C:\Users\geral\.m2\repository\org\apache\logging\log4j\log4j-api\2.23.1\log4j-api-2.23.1.jar;C:\Users\geral\.m2\repository\org\slf4j\jul-to-slf4j\2.0.16\jul-to-slf4j-2.0.16.jar;C:\Users\geral\.m2\repository\jakarta\annotation\jakarta.annotation-api\2.1.1\jakarta.annotation-api-2.1.1.jar;C:\Users\geral\.m2\repository\org\yaml\snakeyaml\2.2\snakeyaml-2.2.jar;C:\Users\geral\.m2\repository\org\springframework\boot\spring-boot-actuator-autoconfigure\3.3.5\spring-boot-actuator-autoconfigure-3.3.5.jar;C:\Users\geral\.m2\repository\org\springframework\boot\spring-boot-actuator\3.3.5\spring-boot-actuator-3.3.5.jar;C:\Users\geral\.m2\repository\com\fasterxml\jackson\core\jackson-databind\2.17.2\jackson-databind-2.17.2.jar;C:\Users\geral\.m2\repository\com\fasterxml\jackson\core\jackson-annotations\2.17.2\jackson-annotations-2.17.2.jar;C:\Users\geral\.m2\repository\com\fasterxml\jackson\datatype\jackson-datatype-jsr310\2.17.2\jackson-datatype-jsr310-2.17.2.jar;C:\Users\geral\.m2\repository\io\micrometer\micrometer-observation\1.13.6\micrometer-observation-1.13.6.jar;C:\Users\geral\.m2\repository\io\micrometer\micrometer-jakarta9\1.13.6\micrometer-jakarta9-1.13.6.jar;C:\Users\geral\.m2\repository\org\springframework\boot\spring-boot-starter-web\3.3.5\spring-boot-starter-web-3.3.5.jar;C:\Users\geral\.m2\repository\org\springframework\boot\spring-boot-starter-json\3.3.5\spring-boot-starter-json-3.3.5.jar;C:\Users\geral\.m2\repository\com\fasterxml\jackson\datatype\jackson-datatype-jdk8\2.17.2\jackson-datatype-jdk8-2.17.2.jar;C:\Users\geral\.m2\repository\com\fasterxml\jackson\module\jackson-module-parameter-names\2.17.2\jackson-module-parameter-names-2.17.2.jar;C:\Users\geral\.m2\repository\org\springframework\boot\spring-boot-starter-tomcat\3.3.5\spring-boot-starter-tomcat-3.3.5.jar;C:\Users\geral\.m2\repository\org\apache\tomcat\embed\tomcat-embed-core\10.1.31\tomcat-embed-core-10.1.31.jar;C:\Users\geral\.m2\repository\org\apache\tomcat\embed\tomcat-embed-el\10.1.31\tomcat-embed-el-10.1.31.jar;C:\Users\geral\.m2\repository\org\apache\tomcat\embed\tomcat-embed-websocket\10.1.31\tomcat-embed-websocket-10.1.31.jar;C:\Users\geral\.m2\repository\org\springframework\spring-web\6.1.14\spring-web-6.1.14.jar;C:\Users\geral\.m2\repository\org\springframework\spring-beans\6.1.14\spring-beans-6.1.14.jar;C:\Users\geral\.m2\repository\org\springframework\spring-webmvc\6.1.14\spring-webmvc-6.1.14.jar;C:\Users\geral\.m2\repository\org\springframework\spring-aop\6.1.14\spring-aop-6.1.14.jar;C:\Users\geral\.m2\repository\org\springframework\spring-context\6.1.14\spring-context-6.1.14.jar;C:\Users\geral\.m2\repository\org\springframework\spring-expression\6.1.14\spring-expression-6.1.14.jar;C:\Users\geral\.m2\repository\org\springframework\boot\spring-boot-starter-test\3.3.5\spring-boot-starter-test-3.3.5.jar;C:\Users\geral\.m2\repository\org\springframework\boot\spring-boot-test\3.3.5\spring-boot-test-3.3.5.jar;C:\Users\geral\.m2\repository\org\springframework\boot\spring-boot-test-autoconfigure\3.3.5\spring-boot-test-autoconfigure-3.3.5.jar;C:\Users\geral\.m2\repository\com\jayway\jsonpath\json-path\2.9.0\json-path-2.9.0.jar;C:\Users\geral\.m2\repository\org\slf4j\slf4j-api\2.0.16\slf4j-api-2.0.16.jar;C:\Users\geral\.m2\repository\jakarta\xml\bind\jakarta.xml.bind-api\4.0.2\jakarta.xml.bind-api-4.0.2.jar;C:\Users\geral\.m2\repository\jakarta\activation\jakarta.activation-api\2.1.3\jakarta.activation-api-2.1.3.jar;C:\Users\geral\.m2\repository\net\minidev\json-smart\2.5.1\json-smart-2.5.1.jar;C:\Users\geral\.m2\repository\net\minidev\accessors-smart\2.5.1\accessors-smart-2.5.1.jar;C:\Users\geral\.m2\repository\org\ow2\asm\asm\9.6\asm-9.6.jar;C:\Users\geral\.m2\repository\org\assertj\assertj-core\3.25.3\assertj-core-3.25.3.jar;C:\Users\geral\.m2\repository\net\bytebuddy\byte-buddy\1.14.19\byte-buddy-1.14.19.jar;C:\Users\geral\.m2\repository\org\awaitility\awaitility\4.2.2\awaitility-4.2.2.jar;C:\Users\geral\.m2\repository\org\hamcrest\hamcrest\2.2\hamcrest-2.2.jar;C:\Users\geral\.m2\repository\org\junit\jupiter\junit-jupiter\5.10.5\junit-jupiter-5.10.5.jar;C:\Users\geral\.m2\repository\org\junit\jupiter\junit-jupiter-api\5.10.5\junit-jupiter-api-5.10.5.jar;C:\Users\geral\.m2\repository\org\opentest4j\opentest4j\1.3.0\opentest4j-1.3.0.jar;C:\Users\geral\.m2\repository\org\junit\platform\junit-platform-commons\1.10.5\junit-platform-commons-1.10.5.jar;C:\Users\geral\.m2\repository\org\apiguardian\apiguardian-api\1.1.2\apiguardian-api-1.1.2.jar;C:\Users\geral\.m2\repository\org\junit\jupiter\junit-jupiter-params\5.10.5\junit-jupiter-params-5.10.5.jar;C:\Users\geral\.m2\repository\org\junit\jupiter\junit-jupiter-engine\5.10.5\junit-jupiter-engine-5.10.5.jar;C:\Users\geral\.m2\repository\org\junit\platform\junit-platform-engine\1.10.5\junit-platform-engine-1.10.5.jar;C:\Users\geral\.m2\repository\org\mockito\mockito-core\5.11.0\mockito-core-5.11.0.jar;C:\Users\geral\.m2\repository\net\bytebuddy\byte-buddy-agent\1.14.19\byte-buddy-agent-1.14.19.jar;C:\Users\geral\.m2\repository\org\objenesis\objenesis\3.3\objenesis-3.3.jar;C:\Users\geral\.m2\repository\org\mockito\mockito-junit-jupiter\5.11.0\mockito-junit-jupiter-5.11.0.jar;C:\Users\geral\.m2\repository\org\skyscreamer\jsonassert\1.5.3\jsonassert-1.5.3.jar;C:\Users\geral\.m2\repository\com\vaadin\external\google\android-json\0.0.20131108.vaadin1\android-json-0.0.20131108.vaadin1.jar;C:\Users\geral\.m2\repository\org\springframework\spring-core\6.1.14\spring-core-6.1.14.jar;C:\Users\geral\.m2\repository\org\springframework\spring-jcl\6.1.14\spring-jcl-6.1.14.jar;C:\Users\geral\.m2\repository\org\springframework\spring-test\6.1.14\spring-test-6.1.14.jar;C:\Users\geral\.m2\repository\org\xmlunit\xmlunit-core\2.9.1\xmlunit-core-2.9.1.jar;C:\Users\geral\.m2\repository\io\opentelemetry\instrumentation\opentelemetry-spring-boot-starter\2.6.0\opentelemetry-spring-boot-starter-2.6.0.jar;C:\Users\geral\.m2\repository\io\opentelemetry\instrumentation\opentelemetry-spring-boot-autoconfigure\2.6.0\opentelemetry-spring-boot-autoconfigure-2.6.0.jar;C:\Users\geral\.m2\repository\io\opentelemetry\instrumentation\opentelemetry-instrumentation-api\2.6.0\opentelemetry-instrumentation-api-2.6.0.jar;C:\Users\geral\.m2\repository\io\opentelemetry\opentelemetry-api-incubator\1.40.0-alpha\opentelemetry-api-incubator-1.40.0-alpha.jar;C:\Users\geral\.m2\repository\io\opentelemetry\instrumentation\opentelemetry-instrumentation-api-incubator\2.6.0-alpha\opentelemetry-instrumentation-api-incubator-2.6.0-alpha.jar;C:\Users\geral\.m2\repository\javax\validation\validation-api\2.0.1.Final\validation-api-2.0.1.Final.jar;C:\Users\geral\.m2\repository\io\opentelemetry\instrumentation\opentelemetry-instrumentation-annotations-support\2.6.0-alpha\opentelemetry-instrumentation-annotations-support-2.6.0-alpha.jar;C:\Users\geral\.m2\repository\io\opentelemetry\semconv\opentelemetry-semconv-incubating\1.25.0-alpha\opentelemetry-semconv-incubating-1.25.0-alpha.jar;C:\Users\geral\.m2\repository\io\opentelemetry\instrumentation\opentelemetry-kafka-clients-2.6\2.6.0-alpha\opentelemetry-kafka-clients-2.6-2.6.0-alpha.jar;C:\Users\geral\.m2\repository\io\opentelemetry\instrumentation\opentelemetry-kafka-clients-common\2.6.0-alpha\opentelemetry-kafka-clients-common-2.6.0-alpha.jar;C:\Users\geral\.m2\repository\io\opentelemetry\instrumentation\opentelemetry-mongo-3.1\2.6.0-alpha\opentelemetry-mongo-3.1-2.6.0-alpha.jar;C:\Users\geral\.m2\repository\io\opentelemetry\instrumentation\opentelemetry-spring-kafka-2.7\2.6.0-alpha\opentelemetry-spring-kafka-2.7-2.6.0-alpha.jar;C:\Users\geral\.m2\repository\io\opentelemetry\instrumentation\opentelemetry-spring-web-3.1\2.6.0-alpha\opentelemetry-spring-web-3.1-2.6.0-alpha.jar;C:\Users\geral\.m2\repository\io\opentelemetry\instrumentation\opentelemetry-spring-webmvc-5.3\2.6.0-alpha\opentelemetry-spring-webmvc-5.3-2.6.0-alpha.jar;C:\Users\geral\.m2\repository\io\opentelemetry\instrumentation\opentelemetry-spring-webflux-5.3\2.6.0-alpha\opentelemetry-spring-webflux-5.3-2.6.0-alpha.jar;C:\Users\geral\.m2\repository\io\opentelemetry\instrumentation\opentelemetry-reactor-3.1\2.6.0-alpha\opentelemetry-reactor-3.1-2.6.0-alpha.jar;C:\Users\geral\.m2\repository\io\opentelemetry\instrumentation\opentelemetry-micrometer-1.5\2.6.0-alpha\opentelemetry-micrometer-1.5-2.6.0-alpha.jar;C:\Users\geral\.m2\repository\io\opentelemetry\instrumentation\opentelemetry-log4j-appender-2.17\2.6.0-alpha\opentelemetry-log4j-appender-2.17-2.6.0-alpha.jar;C:\Users\geral\.m2\repository\io\opentelemetry\instrumentation\opentelemetry-logback-appender-1.0\2.6.0-alpha\opentelemetry-logback-appender-1.0-2.6.0-alpha.jar;C:\Users\geral\.m2\repository\io\opentelemetry\instrumentation\opentelemetry-jdbc\2.6.0-alpha\opentelemetry-jdbc-2.6.0-alpha.jar;C:\Users\geral\.m2\repository\io\opentelemetry\opentelemetry-sdk-extension-autoconfigure\1.40.0\opentelemetry-sdk-extension-autoconfigure-1.40.0.jar;C:\Users\geral\.m2\repository\io\opentelemetry\instrumentation\opentelemetry-sdk-autoconfigure-support\2.6.0-alpha\opentelemetry-sdk-autoconfigure-support-2.6.0-alpha.jar;C:\Users\geral\.m2\repository\io\opentelemetry\instrumentation\opentelemetry-spring-webmvc-6.0\2.6.0-alpha\opentelemetry-spring-webmvc-6.0-2.6.0-alpha.jar;C:\Users\geral\.m2\repository\io\opentelemetry\instrumentation\opentelemetry-instrumentation-annotations\2.6.0\opentelemetry-instrumentation-annotations-2.6.0.jar;C:\Users\geral\.m2\repository\io\opentelemetry\opentelemetry-sdk-extension-autoconfigure-spi\1.40.0\opentelemetry-sdk-extension-autoconfigure-spi-1.40.0.jar;C:\Users\geral\.m2\repository\io\opentelemetry\opentelemetry-api\1.40.0\opentelemetry-api-1.40.0.jar;C:\Users\geral\.m2\repository\io\opentelemetry\opentelemetry-context\1.40.0\opentelemetry-context-1.40.0.jar;C:\Users\geral\.m2\repository\io\opentelemetry\opentelemetry-exporter-logging\1.40.0\opentelemetry-exporter-logging-1.40.0.jar;C:\Users\geral\.m2\repository\io\opentelemetry\opentelemetry-exporter-otlp\1.40.0\opentelemetry-exporter-otlp-1.40.0.jar;C:\Users\geral\.m2\repository\io\opentelemetry\opentelemetry-sdk-trace\1.40.0\opentelemetry-sdk-trace-1.40.0.jar;C:\Users\geral\.m2\repository\io\opentelemetry\opentelemetry-sdk-metrics\1.40.0\opentelemetry-sdk-metrics-1.40.0.jar;C:\Users\geral\.m2\repository\io\opentelemetry\opentelemetry-sdk-logs\1.40.0\opentelemetry-sdk-logs-1.40.0.jar;C:\Users\geral\.m2\repository\io\opentelemetry\opentelemetry-exporter-otlp-common\1.40.0\opentelemetry-exporter-otlp-common-1.40.0.jar;C:\Users\geral\.m2\repository\io\opentelemetry\opentelemetry-exporter-common\1.40.0\opentelemetry-exporter-common-1.40.0.jar;C:\Users\geral\.m2\repository\io\opentelemetry\opentelemetry-exporter-sender-okhttp\1.40.0\opentelemetry-exporter-sender-okhttp-1.40.0.jar;C:\Users\geral\.m2\repository\io\opentelemetry\opentelemetry-sdk\1.40.0\opentelemetry-sdk-1.40.0.jar;C:\Users\geral\.m2\repository\io\opentelemetry\opentelemetry-sdk-common\1.40.0\opentelemetry-sdk-common-1.40.0.jar;C:\Users\geral\.m2\repository\io\opentelemetry\instrumentation\opentelemetry-resources\2.6.0-alpha\opentelemetry-resources-2.6.0-alpha.jar;C:\Users\geral\.m2\repository\io\opentelemetry\semconv\opentelemetry-semconv\1.25.0-alpha\opentelemetry-semconv-1.25.0-alpha.jar;C:\Users\geral\.m2\repository\io\opentelemetry\opentelemetry-sdk-extension-incubator\1.40.0-alpha\opentelemetry-sdk-extension-incubator-1.40.0-alpha.jar;C:\Users\geral\.m2\repository\org\snakeyaml\snakeyaml-engine\2.7\snakeyaml-engine-2.7.jar;C:\Users\geral\.m2\repository\com\fasterxml\jackson\dataformat\jackson-dataformat-yaml\2.17.2\jackson-dataformat-yaml-2.17.2.jar;C:\Users\geral\.m2\repository\io\opentelemetry\contrib\opentelemetry-aws-resources\1.36.0-alpha\opentelemetry-aws-resources-1.36.0-alpha.jar;C:\Users\geral\.m2\repository\com\fasterxml\jackson\core\jackson-core\2.17.2\jackson-core-2.17.2.jar;C:\Users\geral\.m2\repository\com\squareup\okhttp3\okhttp\4.12.0\okhttp-4.12.0.jar;C:\Users\geral\.m2\repository\com\squareup\okio\okio\3.6.0\okio-3.6.0.jar;C:\Users\geral\.m2\repository\com\squareup\okio\okio-jvm\3.6.0\okio-jvm-3.6.0.jar;C:\Users\geral\.m2\repository\org\jetbrains\kotlin\kotlin-stdlib-common\1.9.25\kotlin-stdlib-common-1.9.25.jar;C:\Users\geral\.m2\repository\org\jetbrains\kotlin\kotlin-stdlib-jdk8\1.9.25\kotlin-stdlib-jdk8-1.9.25.jar;C:\Users\geral\.m2\repository\org\jetbrains\kotlin\kotlin-stdlib\1.9.25\kotlin-stdlib-1.9.25.jar;C:\Users\geral\.m2\repository\org\jetbrains\annotations\13.0\annotations-13.0.jar;C:\Users\geral\.m2\repository\org\jetbrains\kotlin\kotlin-stdlib-jdk7\1.9.25\kotlin-stdlib-jdk7-1.9.25.jar;C:\Users\geral\.m2\repository\io\opentelemetry\contrib\opentelemetry-gcp-resources\1.36.0-alpha\opentelemetry-gcp-resources-1.36.0-alpha.jar;C:\Users\geral\.m2\repository\com\google\cloud\opentelemetry\detector-resources-support\0.29.0\detector-resources-support-0.29.0.jar;"/>
    <property name="sun.cpu.endian" value="little"/>
    <property name="user.home" value="C:\Users\geral"/>
    <property name="user.language" value="es"/>
    <property name="java.specification.vendor" value="Oracle Corporation"/>
    <property name="java.version.date" value="2024-07-16"/>
    <property name="java.home" value="C:\Program Files\Java\jdk-17"/>
    <property name="file.separator" value="\"/>
    <property name="basedir" value="C:\Users\geral\OneDrive\Escritorio\Reposx\Springboot-example-actutator"/>
    <property name="java.vm.compressedOopsMode" value="Zero based"/>
    <property name="line.separator" value="&#10;"/>
    <property name="java.vm.specification.vendor" value="Oracle Corporation"/>
    <property name="java.specification.name" value="Java Platform API Specification"/>
    <property name="FILE_LOG_CHARSET" value="windows-1252"/>
    <property name="java.awt.headless" value="true"/>
    <property name="surefire.real.class.path" value="C:\Users\geral\AppData\Local\Temp\surefire15241732814240075369\surefirebooter-20241129150438938_3.jar"/>
    <property name="user.script" value=""/>
    <property name="sun.management.compiler" value="HotSpot 64-Bit Tiered Compilers"/>
    <property name="java.runtime.version" value="17.0.12+8-LTS-286"/>
    <property name="user.name" value="geral"/>
    <property name="path.separator" value=";"/>
    <property name="os.version" value="10.0"/>
    <property name="java.runtime.name" value="Java(TM) SE Runtime Environment"/>
    <property name="file.encoding" value="Cp1252"/>
    <property name="java.vm.name" value="Java HotSpot(TM) 64-Bit Server VM"/>
    <property name="localRepository" value="C:\Users\geral\.m2\repository"/>
    <property name="java.vendor.url.bug" value="https://bugreport.java.com/bugreport/"/>
    <property name="java.io.tmpdir" value="C:\Users\geral\AppData\Local\Temp\"/>
    <property name="java.version" value="17.0.12"/>
    <property name="user.dir" value="C:\Users\geral\OneDrive\Escritorio\Reposx\Springboot-example-actutator"/>
    <property name="os.arch" value="amd64"/>
    <property name="java.vm.specification.name" value="Java Virtual Machine Specification"/>
    <property name="PID" value="23360"/>
    <property name="sun.os.patch.level" value=""/>
    <property name="CONSOLE_LOG_CHARSET" value="windows-1252"/>
    <property name="native.encoding" value="Cp1252"/>
    <property name="java.library.path" value="C:\Program Files\Java\jdk-17\bin;C:\Windows\Sun\Java\bin;C:\Windows\system32;C:\Windows;C:\Program Files\Common Files\Oracle\Java\javapath;C:\Windows\system32;C:\Windows;C:\Windows\System32\Wbem;C:\Windows\System32\WindowsPowerShell\v1.0\;C:\Windows\System32\OpenSSH\;C:\Program Files (x86)\NVIDIA Corporation\PhysX\Common;C:\Program Files\nodejs\;D:\Git\cmd;C:\Program Files\Java\jdk-17\bin;C:\Program Files\apache-maven-3.9.9\bin;C:\Program Files\Git\cmd;C:\Program Files\NVIDIA Corporation\NVIDIA app\NvDLISR;C:\Users\geral\AppData\Local\Microsoft\WindowsApps;C:\Users\geral\AppData\Local\Programs\Microsoft VS Code\bin;C:\Users\geral\AppData\Roaming\npm;."/>
    <property name="java.vm.info" value="mixed mode, sharing"/>
    <property name="java.vendor" value="Oracle Corporation"/>
    <property name="java.vm.version" value="17.0.12+8-LTS-286"/>
    <property name="sun.io.unicode.encoding" value="UnicodeLittle"/>
    <property name="java.class.version" value="61.0"/>
    <property name="LOGGED_APPLICATION_NAME" value="[demo.spring] "/>
  </properties>
  <testcase name="contextLoads" classname="com.redhat.demo.spring.ApplicationTests" time="0.826">
    <system-out><![CDATA[15:04:39.772 [main] INFO org.springframework.test.context.support.AnnotationConfigContextLoaderUtils -- Could not detect default configuration classes for test class [com.redhat.demo.spring.ApplicationTests]: ApplicationTests does not declare any static, non-private, non-final, nested classes annotated with @Configuration.
15:04:39.968 [main] INFO org.springframework.boot.test.context.SpringBootTestContextBootstrapper -- Found @SpringBootConfiguration com.redhat.demo.spring.Application for test class com.redhat.demo.spring.ApplicationTests

  .   ____          _            __ _ _
 /\\ / ___'_ __ _ _(_)_ __  __ _ \ \ \ \
( ( )\___ | '_ | '_| | '_ \/ _` | \ \ \ \
 \\/  ___)| |_)| | | | | || (_| |  ) ) ) )
  '  |____| .__|_| |_|_| |_\__, | / / / /
 =========|_|==============|___/=/_/_/_/

 :: Spring Boot ::                (v3.3.5)

2024-11-29T15:04:40.473-03:00  INFO 23360 --- [demo.spring] [           main] c.redhat.demo.spring.ApplicationTests    : Starting ApplicationTests using Java 17.0.12 with PID 23360 (started by geral in C:\Users\geral\OneDrive\Escritorio\Reposx\Springboot-example-actutator)
2024-11-29T15:04:40.475-03:00  INFO 23360 --- [demo.spring] [           main] c.redhat.demo.spring.ApplicationTests    : No active profile set, falling back to 1 default profile: "default"
2024-11-29T15:04:42.531-03:00  INFO 23360 --- [demo.spring] [           main] o.s.b.a.e.web.EndpointLinksResolver      : Exposing 0 endpoints beneath base path '/actuator'
2024-11-29T15:04:42.592-03:00  INFO 23360 --- [demo.spring] [           main] c.redhat.demo.spring.ApplicationTests    : Started ApplicationTests in 2.42 seconds (process running for 3.515)
]]></system-out>
  </testcase>
</testsuite>